<?xml version="1.0" encoding="UTF-8"?>
<!-- Generated by org.testng.reporters.JUnitReportReporter -->
<testsuite hostname="SENGUTTUVAN" failures="0" tests="1" name="Test.searchTest" time="35.794" errors="0" timestamp="26 Oct 2020 18:10:29 GMT" skipped="0">
  <testcase classname="Test.searchTest" name="loginpage" time="35.794"/>
</testsuite> <!-- Test.searchTest -->
