<?xml version="1.0" encoding="UTF-8"?>
<!-- Generated by org.testng.reporters.JUnitReportReporter -->
<testsuite hostname="SENGUTTUVAN" failures="0" tests="1" name="Test.loginTest_flipkart" time="21.745" errors="0" timestamp="26 Oct 2020 10:30:35 GMT" skipped="0">
  <testcase classname="Test.loginTest_flipkart" name="validatehomepage" time="21.745"/>
</testsuite> <!-- Test.loginTest_flipkart -->
